Start testing: Jun 02 04:55 UTC
----------------------------------------------------------
1/1 Testing: tester
1/1 Test: tester
Command: "/home/ubuntu/abstract_factory/build/testing"
Directory: /home/ubuntu/abstract_factory/build
"tester" start time: Jun 02 04:55 UTC
Output:
----------------------------------------------------------
Running main() from /home/ubuntu/abstract_factory/build/_deps/googletest-src/googletest/src/gtest_main.cc
[==========] Running 7 tests from 3 test suites.
[----------] Global test environment set-up.
[----------] 3 tests from WindowsFactory
[ RUN      ] WindowsFactory.CreatesWindowsButton
[       OK ] WindowsFactory.CreatesWindowsButton (0 ms)
[ RUN      ] WindowsFactory.CreatesWindowsCheckbox
[       OK ] WindowsFactory.CreatesWindowsCheckbox (0 ms)
[ RUN      ] WindowsFactory.PlatformName
[       OK ] WindowsFactory.PlatformName (0 ms)
[----------] 3 tests from WindowsFactory (0 ms total)

[----------] 3 tests from MacFactory
[ RUN      ] MacFactory.CreatesMacButton
[       OK ] MacFactory.CreatesMacButton (0 ms)
[ RUN      ] MacFactory.CreatesMacCheckbox
[       OK ] MacFactory.CreatesMacCheckbox (0 ms)
[ RUN      ] MacFactory.PlatformName
[       OK ] MacFactory.PlatformName (0 ms)
[----------] 3 tests from MacFactory (0 ms total)

[----------] 1 test from AbstractFactory
[ RUN      ] AbstractFactory.ProductsAreIndependent
[       OK ] AbstractFactory.ProductsAreIndependent (0 ms)
[----------] 1 test from AbstractFactory (0 ms total)

[----------] Global test environment tear-down
[==========] 7 tests from 3 test suites ran. (0 ms total)
[  PASSED  ] 7 tests.
<end of output>
Test time =   0.01 sec
----------------------------------------------------------
Test Passed.
"tester" end time: Jun 02 04:55 UTC
"tester" time elapsed: 00:00:00
----------------------------------------------------------

End testing: Jun 02 04:55 UTC
